[2025-10-21--20-28-17 INFO actix_server::builder] starting 5 workers
[2025-10-21--20-28-17 INFO actix_server::server] Tokio runtime found; starting in existing Tokio runtime
[2025-10-21--20-28-17 INFO actix_server::server] starting service: "actix-web-service-127.0.0.1:18488", workers: 5, listening on: 127.0.0.1:18488
[2025-10-21--20-28-18 INFO parity_ws] Listening for new connections on 127.0.0.1:8900.
[2025-10-21--20-28-19 INFO txtx::svm::deploy_program] [Recovery Instructions] - An ephemeral authority account will be created and funded to write to the buffer account.
[2025-10-21--20-28-19 INFO txtx::svm::deploy_program] [Recovery Instructions] - Please save the following information in case the deployment fails and the account needs to be recovered:
[2025-10-21--20-28-19 INFO txtx::svm::deploy_program] [Recovery Instructions] - Ephemeral authority public key: DciAYH3wFGmyy9RMYj1GkJCAkNKHcYnVVbW7P2EHSwwS
[2025-10-21--20-28-19 INFO txtx::svm::deploy_program] [Recovery Instructions] - Ephemeral authority secret key: [211, 243, 23, 33, 142, 168, 169, 208, 245, 235, 0, 122, 227, 71, 123, 162, 146, 114, 158, 157, 64, 92, 128, 42, 90, 27, 254, 230, 51, 81, 59, 154, 187, 114, 29, 194, 115, 195, 155, 10, 150, 216, 69, 236, 102, 37, 127, 152, 169, 52, 163, 229, 176, 245, 60, 31, 229, 102, 174, 161, 83, 144, 119, 53]
[2025-10-21--20-28-19 INFO txtx::svm::deploy_program] Account Created - Ephemeral authority account created and funded to write to buffer
[2025-10-21--20-28-19 INFO txtx::svm::deploy_program] [Recovery Instructions] - Creating program buffer account at pubkey AwpnJtiXsBKHx4N5MvMTS5Jd6z6Q9gwQu1N7hiQrozWb
[2025-10-21--20-28-19 INFO txtx::svm::deploy_program] Account Created - Program buffer account created
[2025-10-21--20-28-28 INFO txtx::svm::deploy_program] Buffer Ready - Writing to buffer account is complete
[2025-10-21--20-28-28 INFO txtx::svm::deploy_program] Program Created - Program 9J4gV4TL8EifN1PJGtysh1wp4wgzYoprZ4mYo8kS2PSv has been deployed
[2025-10-21--20-28-30 INFO txtx::svm::deploy_program] Complete - Ephemeral authority account closed and leftover funds returned to payer
[2025-10-21--20-28-44 INFO parity_ws::io] Accepted a new tcp connection from 127.0.0.1:39224.
[2025-10-21--20-29-34 INFO actix_server::accept] accept thread stopped
[2025-10-21--20-29-34 INFO actix_server::worker] shutting down idle worker
[2025-10-21--20-29-34 INFO actix_server::worker] shutting down idle worker
[2025-10-21--20-29-34 INFO actix_server::worker] shutting down idle worker
[2025-10-21--20-29-34 INFO actix_server::worker] shutting down idle worker
[2025-10-21--20-29-34 INFO actix_server::worker] shutting down idle worker
